make --dry-run --always-make --keep-going --print-directory
make: Entering directory '/home/coder/libft'
cc -Wall -Werror -Wextra -c ft_atoi.c
cc -Wall -Werror -Wextra -c ft_calloc.c
cc -Wall -Werror -Wextra -c ft_bzero.c
cc -Wall -Werror -Wextra -c ft_isalnum.c
cc -Wall -Werror -Wextra -c ft_isalpha.c
cc -Wall -Werror -Wextra -c ft_isascii.c
cc -Wall -Werror -Wextra -c ft_isdigit.c
cc -Wall -Werror -Wextra -c ft_isprint.c
cc -Wall -Werror -Wextra -c ft_memchr.c
cc -Wall -Werror -Wextra -c ft_memcmp.c
cc -Wall -Werror -Wextra -c ft_memcpy.c
cc -Wall -Werror -Wextra -c ft_memmove.c
cc -Wall -Werror -Wextra -c ft_memset.c
cc -Wall -Werror -Wextra -c ft_strchr.c
cc -Wall -Werror -Wextra -c ft_strdup.c
cc -Wall -Werror -Wextra -c ft_strlcat.c
cc -Wall -Werror -Wextra -c ft_strlcpy.c
cc -Wall -Werror -Wextra -c ft_strlen.c
cc -Wall -Werror -Wextra -c ft_strncmp.c
cc -Wall -Werror -Wextra -c ft_strnstr.c
cc -Wall -Werror -Wextra -c ft_strrchr.c
cc -Wall -Werror -Wextra -c ft_tolower.c
cc -Wall -Werror -Wextra -c ft_toupper.c
cc -Wall -Werror -Wextra -c ft_substr.c
cc -Wall -Werror -Wextra -c ft_strjoin.c
cc -Wall -Werror -Wextra -c ft_strtrim.c
cc -Wall -Werror -Wextra -c ft_split.c
cc -Wall -Werror -Wextra -c ft_itoa.c
cc -Wall -Werror -Wextra -c ft_strmapi.c
cc -Wall -Werror -Wextra -c ft_striteri.c
cc -Wall -Werror -Wextra -c ft_putchar_fd.c
cc -Wall -Werror -Wextra -c ft_putstr_fd.c
cc -Wall -Werror -Wextra -c ft_putendl_fd.c
cc -Wall -Werror -Wextra -c ft_putnbr_fd.c
ar -rsc libft.a ft_atoi.o ft_calloc.o ft_bzero.o ft_isalnum.o ft_isalpha.o ft_isascii.o ft_isdigit.o ft_isprint.o ft_memchr.o ft_memcmp.o ft_memcpy.o ft_memmove.o ft_memset.o ft_strchr.o ft_strdup.o ft_strlcat.o ft_strlcpy.o ft_strlen.o ft_strncmp.o ft_strnstr.o ft_strrchr.o ft_tolower.o ft_toupper.o ft_substr.o ft_strjoin.o ft_strtrim.o ft_split.o ft_itoa.o ft_strmapi.o ft_striteri.o ft_putchar_fd.o ft_putstr_fd.o ft_putendl_fd.o ft_putnbr_fd.o
make: Leaving directory '/home/coder/libft'
 
