make all --print-data-base --no-builtin-variables --no-builtin-rules --question
# GNU Make 4.2.1
# Built for x86_64-pc-linux-gnu
# Copyright (C) 1988-2016 Free Software Foundation, Inc.
# License GPLv3+: GNU GPL version 3 or later <http://gnu.org/licenses/gpl.html>
# This is free software: you are free to change and redistribute it.
# There is NO WARRANTY, to the extent permitted by law.

# Make data base, printed on Tue May 24 20:08:08 2022

# Variables

# automatic
<D = $(patsubst %/,%,$(dir $<))
# automatic
?F = $(notdir $?)
# default
.SHELLFLAGS := -c
# environment
VSCODE_AGENT_FOLDER = /home/coder/.vscode-server
# makefile (from 'Makefile', line 18)
SRC = $(shell find $(DIR) -name 'ft_*.c')
# environment
VSCODE_LOG_NATIVE = false
# automatic
?D = $(patsubst %/,%,$(dir $?))
# automatic
@D = $(patsubst %/,%,$(dir $@))
# automatic
@F = $(notdir $@)
# makefile
CURDIR := /home/coder/libft
# makefile
SHELL = /bin/sh
# environment
VSCODE_NLS_CONFIG = {"locale":"en","availableLanguages":{}}
# environment
_ = /home/coder/.vscode-server/bin/57fd6d0195bb9b9d1b49f6da5db789060795de47/node
# makefile (from 'Makefile', line 15)
CFLAGS = -Wall -Werror -Wextra
# makefile (from 'Makefile', line 1)
MAKEFILE_LIST :=  Makefile
# 'override' directive
GNUMAKEFLAGS := 
# environment
VSCODE_VERBOSE_LOGGING = true
# makefile (from 'Makefile', line 19)
OBJS = $(SRC:$.c=o)
# environment
VSCODE_CWD = /home/coder
# environment
SSH_CONNECTION = 192.168.78.0 26741 192.168.90.184 2222
# environment
PATH = /home/coder/.vscode-server/bin/57fd6d0195bb9b9d1b49f6da5db789060795de47/bin/remote-cli:/usr/local/sbin:/usr/local/bin:/usr/sbin:/usr/bin:/sbin:/bin:/usr/games:/usr/local/games:/snap/bin
# makefile (from 'Makefile', line 16)
INCLS = libft.h
# environment
VSCODE_LOG_STACK = false
# environment
VSCODE_IPC_HOOK_CLI = /tmp/vscode-ipc-daba7fb9-b1a4-4108-8c38-531622a2ae1b.sock
# default
.FEATURES := target-specific order-only second-expansion else-if shortest-stem undefine oneshell archives jobserver output-sync check-symlink load
# makefile (from 'Makefile', line 17)
DIR = ./
# automatic
%F = $(notdir $%)
# environment
VSCODE_PIPE_LOGGING = true
# environment
PWD = /home/coder/libft
# default
.LOADED := 
# automatic
*D = $(patsubst %/,%,$(dir $*))
# environment
VSCODE_AMD_ENTRYPOINT = vs/workbench/api/node/extensionHostProcess
# environment
HOME = /home/coder
# environment
LOGNAME = coder
# environment
APPLICATION_INSIGHTS_NO_DIAGNOSTIC_CHANNEL = 1
# automatic
+F = $(notdir $+)
# environment
VSCODE_HANDLES_UNCAUGHT_ERRORS = true
# automatic
^D = $(patsubst %/,%,$(dir $^))
# environment
MAKELEVEL := 0
# default
MAKE = $(MAKE_COMMAND)
# default
MAKECMDGOALS := all
# environment
SHLVL = 1
# makefile (from 'Makefile', line 14)
CC = gcc
# default
MAKE_VERSION := 4.2.1
# environment
USER = coder
# makefile
.DEFAULT_GOAL := all
# makefile (from 'Makefile', line 13)
NAME = libft.a
# automatic
%D = $(patsubst %/,%,$(dir $%))
# default
MAKE_COMMAND := make
# default
.VARIABLES := 
# automatic
*F = $(notdir $*)
# makefile
MAKEFLAGS = pqrR
# environment
MFLAGS = -pqrR
# environment
SSH_CLIENT = 192.168.78.0 26741 2222
# makefile (from 'Makefile', line 20)
MAIN = main.c
# automatic
+D = $(patsubst %/,%,$(dir $+))
# environment
BROWSER = /home/coder/.vscode-server/bin/57fd6d0195bb9b9d1b49f6da5db789060795de47/bin/helpers/browser.sh
# environment
VSCODE_HANDLES_SIGPIPE = true
# 'override' directive
.SHELLSTATUS := 0
# default
MAKEFILES := 
# automatic
<F = $(notdir $<)
# environment
LC_ALL = C
# automatic
^F = $(notdir $^)
# default
SUFFIXES := 
# default
.INCLUDE_DIRS = /usr/include /usr/local/include /usr/include
# default
.RECIPEPREFIX := 
# default
MAKE_HOST := x86_64-pc-linux-gnu
# environment
LANG = C
# environment
VSCODE_EXTHOST_WILL_SEND_SOCKET = true
# environment
MOTD_SHOWN = pam
# variable set hash-table stats:
# Load=70/1024=7%, Rehash=0, Collisions=11/127=9%

# Pattern-specific Variable Values

# No pattern-specific variable values.

# Directories

# . (device 115, inode 262828060): 64 files, no impossibilities.

# 64 files, no impossibilities in 1 directories.

# Implicit Rules

# No implicit rules.

# Files

# Not a target:
ft_strncmp.c:
#  Implicit rule search has been done.
#  Last modified 2022-05-03 15:46:31.718023298
#  File has been updated.
#  Successfully updated.

# Not a target:
ft_isalnum.c:
#  Implicit rule search has been done.
#  Last modified 2022-04-25 22:41:49.003551175
#  File has been updated.
#  Successfully updated.

ft_memcpy.o: ft_strncmp.c ft_memcmp.c ft_isalnum.c ft_isascii.c ft_strnstr.c ft_strjoin.c ft_strdup.c ft_memcpy.c ft_strtrim.c ft_calloc.c ft_isprint.c ft_strlen.c ft_isalpha.c ft_strlcat.c ft_memset.c ft_bzero.c ft_split.c ft_substr.c ft_strlcpy.c ft_memchr.c ft_isdigit.c ft_strchr.c ft_memmove.c ft_toupper.c ft_strrchr.c ft_atoi.c ft_tolower.c
#  Implicit rule search has not been done.
#  Last modified 2022-05-24 20:00:55.384227419
#  File has been updated.
#  Successfully updated.
#  recipe to execute (from 'Makefile', line 27):
	$(CC) $(CFLAGS) -c $(SRC)

# Not a target:
ft_strdup.c:
#  Implicit rule search has been done.
#  Last modified 2022-05-19 03:54:15.316047725
#  File has been updated.
#  Successfully updated.

ft_memcmp.o: ft_strncmp.c ft_memcmp.c ft_isalnum.c ft_isascii.c ft_strnstr.c ft_strjoin.c ft_strdup.c ft_memcpy.c ft_strtrim.c ft_calloc.c ft_isprint.c ft_strlen.c ft_isalpha.c ft_strlcat.c ft_memset.c ft_bzero.c ft_split.c ft_substr.c ft_strlcpy.c ft_memchr.c ft_isdigit.c ft_strchr.c ft_memmove.c ft_toupper.c ft_strrchr.c ft_atoi.c ft_tolower.c
#  Implicit rule search has not been done.
#  Last modified 2022-05-24 20:00:55.120217238
#  File has been updated.
#  Successfully updated.
#  recipe to execute (from 'Makefile', line 27):
	$(CC) $(CFLAGS) -c $(SRC)

ft_strlen.o: ft_strncmp.c ft_memcmp.c ft_isalnum.c ft_isascii.c ft_strnstr.c ft_strjoin.c ft_strdup.c ft_memcpy.c ft_strtrim.c ft_calloc.c ft_isprint.c ft_strlen.c ft_isalpha.c ft_strlcat.c ft_memset.c ft_bzero.c ft_split.c ft_substr.c ft_strlcpy.c ft_memchr.c ft_isdigit.c ft_strchr.c ft_memmove.c ft_toupper.c ft_strrchr.c ft_atoi.c ft_tolower.c
#  Implicit rule search has not been done.
#  Last modified 2022-05-24 20:00:55.568234515
#  File has been updated.
#  Successfully updated.
#  recipe to execute (from 'Makefile', line 27):
	$(CC) $(CFLAGS) -c $(SRC)

# Not a target:
ft_memmove.c:
#  Implicit rule search has been done.
#  Last modified 2022-05-22 04:37:22.436452468
#  File has been updated.
#  Successfully updated.

ft_isdigit.o: ft_strncmp.c ft_memcmp.c ft_isalnum.c ft_isascii.c ft_strnstr.c ft_strjoin.c ft_strdup.c ft_memcpy.c ft_strtrim.c ft_calloc.c ft_isprint.c ft_strlen.c ft_isalpha.c ft_strlcat.c ft_memset.c ft_bzero.c ft_split.c ft_substr.c ft_strlcpy.c ft_memchr.c ft_isdigit.c ft_strchr.c ft_memmove.c ft_toupper.c ft_strrchr.c ft_atoi.c ft_tolower.c
#  Implicit rule search has not been done.
#  Last modified 2022-05-24 20:00:56.004251329
#  File has been updated.
#  Successfully updated.
#  recipe to execute (from 'Makefile', line 27):
	$(CC) $(CFLAGS) -c $(SRC)

# Not a target:
ft_strchr.c:
#  Implicit rule search has been done.
#  Last modified 2022-05-03 15:46:31.714023141
#  File has been updated.
#  Successfully updated.

all: libft.a
#  Phony target (prerequisite of .PHONY).
#  Command line target.
#  Implicit rule search has not been done.
#  File does not exist.
#  File has been updated.
#  Successfully updated.

ft_memchr.o: ft_strncmp.c ft_memcmp.c ft_isalnum.c ft_isascii.c ft_strnstr.c ft_strjoin.c ft_strdup.c ft_memcpy.c ft_strtrim.c ft_calloc.c ft_isprint.c ft_strlen.c ft_isalpha.c ft_strlcat.c ft_memset.c ft_bzero.c ft_split.c ft_substr.c ft_strlcpy.c ft_memchr.c ft_isdigit.c ft_strchr.c ft_memmove.c ft_toupper.c ft_strrchr.c ft_atoi.c ft_tolower.c
#  Implicit rule search has not been done.
#  Last modified 2022-05-24 20:00:55.980250403
#  File has been updated.
#  Successfully updated.
#  recipe to execute (from 'Makefile', line 27):
	$(CC) $(CFLAGS) -c $(SRC)

# Not a target:
ft_toupper.c:
#  Implicit rule search has been done.
#  Last modified 2022-05-22 04:37:22.444452774
#  File has been updated.
#  Successfully updated.

ft_memset.o: ft_strncmp.c ft_memcmp.c ft_isalnum.c ft_isascii.c ft_strnstr.c ft_strjoin.c ft_strdup.c ft_memcpy.c ft_strtrim.c ft_calloc.c ft_isprint.c ft_strlen.c ft_isalpha.c ft_strlcat.c ft_memset.c ft_bzero.c ft_split.c ft_substr.c ft_strlcpy.c ft_memchr.c ft_isdigit.c ft_strchr.c ft_memmove.c ft_toupper.c ft_strrchr.c ft_atoi.c ft_tolower.c
#  Implicit rule search has not been done.
#  Last modified 2022-05-24 20:00:55.716240222
#  File has been updated.
#  Successfully updated.
#  recipe to execute (from 'Makefile', line 27):
	$(CC) $(CFLAGS) -c $(SRC)

# Not a target:
ft_strnstr.c:
#  Implicit rule search has been done.
#  Last modified 2022-05-03 21:26:52.698857089
#  File has been updated.
#  Successfully updated.

ft_tolower.o: ft_strncmp.c ft_memcmp.c ft_isalnum.c ft_isascii.c ft_strnstr.c ft_strjoin.c ft_strdup.c ft_memcpy.c ft_strtrim.c ft_calloc.c ft_isprint.c ft_strlen.c ft_isalpha.c ft_strlcat.c ft_memset.c ft_bzero.c ft_split.c ft_substr.c ft_strlcpy.c ft_memchr.c ft_isdigit.c ft_strchr.c ft_memmove.c ft_toupper.c ft_strrchr.c ft_atoi.c ft_tolower.c
#  Implicit rule search has not been done.
#  Last modified 2022-05-24 20:00:56.364265212
#  File has been updated.
#  Successfully updated.
 
#  recipe to execute (from 'Makefile', line 27):
	$(CC) $(CFLAGS) -c $(SRC)

ft_strrchr.o: ft_strncmp.c ft_memcmp.c ft_isalnum.c ft_isascii.c ft_strnstr.c ft_strjoin.c ft_strdup.c ft_memcpy.c ft_strtrim.c ft_calloc.c ft_isprint.c ft_strlen.c ft_isalpha.c ft_strlcat.c ft_memset.c ft_bzero.c ft_split.c ft_substr.c ft_strlcpy.c ft_memchr.c ft_isdigit.c ft_strchr.c ft_memmove.c ft_toupper.c ft_strrchr.c ft_atoi.c ft_tolower.c
#  Implicit rule search has not been done.
#  Last modified 2022-05-24 20:00:56.21225935
#  File has been updated.
#  Successfully updated.
#  recipe to execute (from 'Makefile', line 27):
	$(CC) $(CFLAGS) -c $(SRC)

ft_strjoin.o: ft_strncmp.c ft_memcmp.c ft_isalnum.c ft_isascii.c ft_strnstr.c ft_strjoin.c ft_strdup.c ft_memcpy.c ft_strtrim.c ft_calloc.c ft_isprint.c ft_strlen.c ft_isalpha.c ft_strlcat.c ft_memset.c ft_bzero.c ft_split.c ft_substr.c ft_strlcpy.c ft_memchr.c ft_isdigit.c ft_strchr.c ft_memmove.c ft_toupper.c ft_strrchr.c ft_atoi.c ft_tolower.c
#  Implicit rule search has not been done.
#  Last modified 2022-05-24 20:00:55.288223717
#  File has been updated.
#  Successfully updated.
#  recipe to execute (from 'Makefile', line 27):
	$(CC) $(CFLAGS) -c $(SRC)

ft_split.o: ft_strncmp.c ft_memcmp.c ft_isalnum.c ft_isascii.c ft_strnstr.c ft_strjoin.c ft_strdup.c ft_memcpy.c ft_strtrim.c ft_calloc.c ft_isprint.c ft_strlen.c ft_isalpha.c ft_strlcat.c ft_memset.c ft_bzero.c ft_split.c ft_substr.c ft_strlcpy.c ft_memchr.c ft_isdigit.c ft_strchr.c ft_memmove.c ft_toupper.c ft_strrchr.c ft_atoi.c ft_tolower.c
#  Implicit rule search has not been done.
#  Last modified 2022-05-24 20:00:55.80824377
#  File has been updated.
#  Successfully updated.
#  recipe to execute (from 'Makefile', line 27):
	$(CC) $(CFLAGS) -c $(SRC)

ft_strlcat.o: ft_strncmp.c ft_memcmp.c ft_isalnum.c ft_isascii.c ft_strnstr.c ft_strjoin.c ft_strdup.c ft_memcpy.c ft_strtrim.c ft_calloc.c ft_isprint.c ft_strlen.c ft_isalpha.c ft_strlcat.c ft_memset.c ft_bzero.c ft_split.c ft_substr.c ft_strlcpy.c ft_memchr.c ft_isdigit.c ft_strchr.c ft_memmove.c ft_toupper.c ft_strrchr.c ft_atoi.c ft_tolower.c
#  Implicit rule search has not been done.
#  Last modified 2022-05-24 20:00:55.692239297
#  File has been updated.
#  Successfully updated.
#  recipe to execute (from 'Makefile', line 27):
	$(CC) $(CFLAGS) -c $(SRC)

# Not a target:
ft_isascii.c:
#  Implicit rule search has been done.
#  Last modified 2022-05-03 15:46:31.706022829
#  File has been updated.
#  Successfully updated.

# Not a target:
ft_strtrim.c:
#  Implicit rule search has been done.
#  Last modified 2022-05-22 23:20:49.613454521
#  File has been updated.
#  Successfully updated.

# Not a target:
Makefile:
#  Implicit rule search has been done.
#  Last modified 2022-05-24 20:02:36.020109435
#  File has been updated.
#  Successfully updated.

ft_isprint.o: ft_strncmp.c ft_memcmp.c ft_isalnum.c ft_isascii.c ft_strnstr.c ft_strjoin.c ft_strdup.c ft_memcpy.c ft_strtrim.c ft_calloc.c ft_isprint.c ft_strlen.c ft_isalpha.c ft_strlcat.c ft_memset.c ft_bzero.c ft_split.c ft_substr.c ft_strlcpy.c ft_memchr.c ft_isdigit.c ft_strchr.c ft_memmove.c ft_toupper.c ft_strrchr.c ft_atoi.c ft_tolower.c
#  Implicit rule search has not been done.
#  Last modified 2022-05-24 20:00:55.524232818
#  File has been updated.
#  Successfully updated.
#  recipe to execute (from 'Makefile', line 27):
	$(CC) $(CFLAGS) -c $(SRC)

libft.a: ft_strncmp.o ft_memcmp.o ft_isalnum.o ft_isascii.o ft_strnstr.o ft_strjoin.o ft_strdup.o ft_memcpy.o ft_strtrim.o ft_calloc.o ft_isprint.o ft_strlen.o ft_isalpha.o ft_strlcat.o ft_memset.o ft_bzero.o ft_split.o ft_substr.o ft_strlcpy.o ft_memchr.o ft_isdigit.o ft_strchr.o ft_memmove.o ft_toupper.o ft_strrchr.o ft_atoi.o ft_tolower.o
#  Implicit rule search has not been done.
#  Last modified 2022-05-24 20:00:56.420267371
#  File has been updated.
#  Successfully updated.
#  recipe to execute (from 'Makefile', line 25):
	ar -rsc $(NAME) $(OBJS)

ft_bzero.o: ft_strncmp.c ft_memcmp.c ft_isalnum.c ft_isascii.c ft_strnstr.c ft_strjoin.c ft_strdup.c ft_memcpy.c ft_strtrim.c ft_calloc.c ft_isprint.c ft_strlen.c ft_isalpha.c ft_strlcat.c ft_memset.c ft_bzero.c ft_split.c ft_substr.c ft_strlcpy.c ft_memchr.c ft_isdigit.c ft_strchr.c ft_memmove.c ft_toupper.c ft_strrchr.c ft_atoi.c ft_tolower.c
#  Implicit rule search has not been done.
#  Last modified 2022-05-24 20:00:55.780242691
#  File has been updated.
#  Successfully updated.
#  recipe to execute (from 'Makefile', line 27):
	$(CC) $(CFLAGS) -c $(SRC)

# Not a target:
ft_memcpy.c:
#  Implicit rule search has been done.
#  Last modified 2022-05-03 15:46:31.710022986
#  File has been updated.
#  Successfully updated.

# Not a target:
ft_memcmp.c:
#  Implicit rule search has been done.
#  Last modified 2022-05-03 15:46:31.710022986
#  File has been updated.
#  Successfully updated.

# Not a target:
ft_strlen.c:
#  Implicit rule search has been done.
#  Last modified 2022-04-25 22:41:49.015551634
#  File has been updated.
#  Successfully updated.

.PHONY: all clean
#  Implicit rule search has not been done.
#  Modification time never checked.
#  File has not been updated.

# Not a target:
ft_isdigit.c:
#  Implicit rule search has been done.
#  Last modified 2022-04-26 01:41:24.622322075
#  File has been updated.
#  Successfully updated.

# Not a target:
ft_memchr.c:
#  Implicit rule search has been done.
#  Last modified 2022-05-22 04:37:22.436452468
#  File has been updated.
#  Successfully updated.

fclean:
#  Implicit rule search has not been done.
#  Modification time never checked.
#  File has not been updated.
#  recipe to execute (from 'Makefile', line 33):
	rm -rf $(NAME) $(OBJS)

# Not a target:
ft_memset.c:
#  Implicit rule search has been done.
#  Last modified 2022-05-03 21:22:40.753109429
#  File has been updated.
#  Successfully updated.

ft_calloc.o: ft_strncmp.c ft_memcmp.c ft_isalnum.c ft_isascii.c ft_strnstr.c ft_strjoin.c ft_strdup.c ft_memcpy.c ft_strtrim.c ft_calloc.c ft_isprint.c ft_strlen.c ft_isalpha.c ft_strlcat.c ft_memset.c ft_bzero.c ft_split.c ft_substr.c ft_strlcpy.c ft_memchr.c ft_isdigit.c ft_strchr.c ft_memmove.c ft_toupper.c ft_strrchr.c ft_atoi.c ft_tolower.c
#  Implicit rule search has not been done.
#  Last modified 2022-05-24 20:00:55.480231122
#  File has been updated.
#  Successfully updated.
#  recipe to execute (from 'Makefile', line 27):
	$(CC) $(CFLAGS) -c $(SRC)

ft_substr.o: ft_strncmp.c ft_memcmp.c ft_isalnum.c ft_isascii.c ft_strnstr.c ft_strjoin.c ft_strdup.c ft_memcpy.c ft_strtrim.c ft_calloc.c ft_isprint.c ft_strlen.c ft_isalpha.c ft_strlcat.c ft_memset.c ft_bzero.c ft_split.c ft_substr.c ft_strlcpy.c ft_memchr.c ft_isdigit.c ft_strchr.c ft_memmove.c ft_toupper.c ft_strrchr.c ft_atoi.c ft_tolower.c
#  Implicit rule search has not been done.
#  Last modified 2022-05-24 20:00:55.876246392
#  File has been updated.
#  Successfully updated.
#  recipe to execute (from 'Makefile', line 27):
	$(CC) $(CFLAGS) -c $(SRC)

# Not a target:
ft_tolower.c:
#  Implicit rule search has been done.
#  Last modified 2022-05-03 15:46:31.722023454
#  File has been updated.
#  Successfully updated.

# Not a target:
ft_strrchr.c:
#  Implicit rule search has been done.
#  Last modified 2022-05-03 21:27:50.897118156
#  File has been updated.
#  Successfully updated.

# Not a target:
ft_strjoin.c:
#  Implicit rule search has been done.
#  Last modified 2022-05-22 04:37:22.440452621
#  File has been updated.
#  Successfully updated.

# Not a target:
ft_split.c:
#  Implicit rule search has been done.
#  Last modified 2022-05-24 19:45:50.989239266
#  File has been updated.
#  Successfully updated.

ft_isalpha.o: ft_strncmp.c ft_memcmp.c ft_isalnum.c ft_isascii.c ft_strnstr.c ft_strjoin.c ft_strdup.c ft_memcpy.c ft_strtrim.c ft_calloc.c ft_isprint.c ft_strlen.c ft_isalpha.c ft_strlcat.c ft_memset.c ft_bzero.c ft_split.c ft_substr.c ft_strlcpy.c ft_memchr.c ft_isdigit.c ft_strchr.c ft_memmove.c ft_toupper.c ft_strrchr.c ft_atoi.c ft_tolower.c
#  Implicit rule search has not been done.
#  Last modified 2022-05-24 20:00:55.664238217
#  File has been updated.
#  Successfully updated.
#  recipe to execute (from 'Makefile', line 27):
	$(CC) $(CFLAGS) -c $(SRC)

# Not a target:
.DEFAULT:
#  Implicit rule search has not been done.
#  Modification time never checked.
#  File has not been updated.

# Not a target:
ft_strlcat.c:
#  Implicit rule search has been done.
#  Last modified 2022-05-22 04:37:22.440452621
#  File has been updated.
#  Successfully updated.

# Not a target:
ft_bzero.c:
#  Implicit rule search has been done.
#  Last modified 2022-05-06 17:54:15.787675327
#  File has been updated.
#  Successfully updated.

ft_strlcpy.o: ft_strncmp.c ft_memcmp.c ft_isalnum.c ft_isascii.c ft_strnstr.c ft_strjoin.c ft_strdup.c ft_memcpy.c ft_strtrim.c ft_calloc.c ft_isprint.c ft_strlen.c ft_isalpha.c ft_strlcat.c ft_memset.c ft_bzero.c ft_split.c ft_substr.c ft_strlcpy.c ft_memchr.c ft_isdigit.c ft_strchr.c ft_memmove.c ft_toupper.c ft_strrchr.c ft_atoi.c ft_tolower.c
#  Implicit rule search has not been done.
#  Last modified 2022-05-24 20:00:55.908247627
#  File has been updated.
#  Successfully updated.
#  recipe to execute (from 'Makefile', line 27):
	$(CC) $(CFLAGS) -c $(SRC)

# Not a target:
ft_isprint.c:
#  Implicit rule search has been done.
#  Last modified 2022-05-03 15:46:31.706022829
#  File has been updated.
#  Successfully updated.

ft_strncmp.o: ft_strncmp.c ft_memcmp.c ft_isalnum.c ft_isascii.c ft_strnstr.c ft_strjoin.c ft_strdup.c ft_memcpy.c ft_strtrim.c ft_calloc.c ft_isprint.c ft_strlen.c ft_isalpha.c ft_strlcat.c ft_memset.c ft_bzero.c ft_split.c ft_substr.c ft_strlcpy.c ft_memchr.c ft_isdigit.c ft_strchr.c ft_memmove.c ft_toupper.c ft_strrchr.c ft_atoi.c ft_tolower.c
#  Implicit rule search has not been done.
#  Last modified 2022-05-24 20:00:55.064215079
#  File has been updated.
#  Successfully updated.
#  recipe to execute (from 'Makefile', line 27):
	$(CC) $(CFLAGS) -c $(SRC)

re: fclean all
#  Implicit rule search has not been done.
#  Modification time never checked.
#  File has not been updated.

# Not a target:
ft_isalpha.c:
#  Implicit rule search has been done.
#  Last modified 2022-04-25 22:41:49.003551175
#  File has been updated.
#  Successfully updated.

ft_isalnum.o: ft_strncmp.c ft_memcmp.c ft_isalnum.c ft_isascii.c ft_strnstr.c ft_strjoin.c ft_strdup.c ft_memcpy.c ft_strtrim.c ft_calloc.c ft_isprint.c ft_strlen.c ft_isalpha.c ft_strlcat.c ft_memset.c ft_bzero.c ft_split.c ft_substr.c ft_strlcpy.c ft_memchr.c ft_isdigit.c ft_strchr.c ft_memmove.c ft_toupper.c ft_strrchr.c ft_atoi.c ft_tolower.c
#  Implicit rule search has not been done.
#  Last modified 2022-05-24 20:00:55.168219089
#  File has been updated.
#  Successfully updated.
#  recipe to execute (from 'Makefile', line 27):
	$(CC) $(CFLAGS) -c $(SRC)

ft_strdup.o: ft_strncmp.c ft_memcmp.c ft_isalnum.c ft_isascii.c ft_strnstr.c ft_strjoin.c ft_strdup.c ft_memcpy.c ft_strtrim.c ft_calloc.c ft_isprint.c ft_strlen.c ft_isalpha.c ft_strlcat.c ft_memset.c ft_bzero.c ft_split.c ft_substr.c ft_strlcpy.c ft_memchr.c ft_isdigit.c ft_strchr.c ft_memmove.c ft_toupper.c ft_strrchr.c ft_atoi.c ft_tolower.c
#  Implicit rule search has not been done.
#  Last modified 2022-05-24 20:00:55.312224642
#  File has been updated.
#  Successfully updated.
#  recipe to execute (from 'Makefile', line 27):
	$(CC) $(CFLAGS) -c $(SRC)

ft_memmove.o: ft_strncmp.c ft_memcmp.c ft_isalnum.c ft_isascii.c ft_strnstr.c ft_strjoin.c ft_strdup.c ft_memcpy.c ft_strtrim.c ft_calloc.c ft_isprint.c ft_strlen.c ft_isalpha.c ft_strlcat.c ft_memset.c ft_bzero.c ft_split.c ft_substr.c ft_strlcpy.c ft_memchr.c ft_isdigit.c ft_strchr.c ft_memmove.c ft_toupper.c ft_strrchr.c ft_atoi.c ft_tolower.c
#  Implicit rule search has not been done.
#  Last modified 2022-05-24 20:00:56.112255494
#  File has been updated.
#  Successfully updated.
#  recipe to execute (from 'Makefile', line 27):
	$(CC) $(CFLAGS) -c $(SRC)

ft_strchr.o: ft_strncmp.c ft_memcmp.c ft_isalnum.c ft_isascii.c ft_strnstr.c ft_strjoin.c ft_strdup.c ft_memcpy.c ft_strtrim.c ft_calloc.c ft_isprint.c ft_strlen.c ft_isalpha.c ft_strlcat.c ft_memset.c ft_bzero.c ft_split.c ft_substr.c ft_strlcpy.c ft_memchr.c ft_isdigit.c ft_strchr.c ft_memmove.c ft_toupper.c ft_strrchr.c ft_atoi.c ft_tolower.c
#  Implicit rule search has not been done.
#  Last modified 2022-05-24 20:00:56.084254414
#  File has been updated.
#  Successfully updated.
#  recipe to execute (from 'Makefile', line 27):
	$(CC) $(CFLAGS) -c $(SRC)

ft_toupper.o: ft_strncmp.c ft_memcmp.c ft_isalnum.c ft_isascii.c ft_strnstr.c ft_strjoin.c ft_strdup.c ft_memcpy.c ft_strtrim.c ft_calloc.c ft_isprint.c ft_strlen.c ft_isalpha.c ft_strlcat.c ft_memset.c ft_bzero.c ft_split.c ft_substr.c ft_strlcpy.c ft_memchr.c ft_isdigit.c ft_strchr.c ft_memmove.c ft_toupper.c ft_strrchr.c ft_atoi.c ft_tolower.c
#  Implicit rule search has not been done.
#  Last modified 2022-05-24 20:00:56.180258116
#  File has been updated.
#  Successfully updated.
#  recipe to execute (from 'Makefile', line 27):
	$(CC) $(CFLAGS) -c $(SRC)

# Not a target:
ft_atoi.c:
#  Implicit rule search has been done.
#  Last modified 2022-05-06 17:51:36.069646767
#  File has been updated.
#  Successfully updated.

 
ft_strnstr.o: ft_strncmp.c ft_memcmp.c ft_isalnum.c ft_isascii.c ft_strnstr.c ft_strjoin.c ft_strdup.c ft_memcpy.c ft_strtrim.c ft_calloc.c ft_isprint.c ft_strlen.c ft_isalpha.c ft_strlcat.c ft_memset.c ft_bzero.c ft_split.c ft_substr.c ft_strlcpy.c ft_memchr.c ft_isdigit.c ft_strchr.c ft_memmove.c ft_toupper.c ft_strrchr.c ft_atoi.c ft_tolower.c
#  Implicit rule search has not been done.
#  Last modified 2022-05-24 20:00:55.264222791
#  File has been updated.
#  Successfully updated.
#  recipe to execute (from 'Makefile', line 27):
	$(CC) $(CFLAGS) -c $(SRC)

ft_atoi.o: ft_strncmp.c ft_memcmp.c ft_isalnum.c ft_isascii.c ft_strnstr.c ft_strjoin.c ft_strdup.c ft_memcpy.c ft_strtrim.c ft_calloc.c ft_isprint.c ft_strlen.c ft_isalpha.c ft_strlcat.c ft_memset.c ft_bzero.c ft_split.c ft_substr.c ft_strlcpy.c ft_memchr.c ft_isdigit.c ft_strchr.c ft_memmove.c ft_toupper.c ft_strrchr.c ft_atoi.c ft_tolower.c
#  Implicit rule search has not been done.
#  Last modified 2022-05-24 20:00:56.29626259
#  File has been updated.
#  Successfully updated.
#  recipe to execute (from 'Makefile', line 27):
	$(CC) $(CFLAGS) -c $(SRC)

# Not a target:
ft_calloc.c:
#  Implicit rule search has been done.
#  Last modified 2022-05-06 20:34:14.892470468
#  File has been updated.
#  Successfully updated.

# Not a target:
ft_substr.c:
#  Implicit rule search has been done.
#  Last modified 2022-05-22 04:37:22.444452774
#  File has been updated.
#  Successfully updated.

ft_isascii.o: ft_strncmp.c ft_memcmp.c ft_isalnum.c ft_isascii.c ft_strnstr.c ft_strjoin.c ft_strdup.c ft_memcpy.c ft_strtrim.c ft_calloc.c ft_isprint.c ft_strlen.c ft_isalpha.c ft_strlcat.c ft_memset.c ft_bzero.c ft_split.c ft_substr.c ft_strlcpy.c ft_memchr.c ft_isdigit.c ft_strchr.c ft_memmove.c ft_toupper.c ft_strrchr.c ft_atoi.c ft_tolower.c
#  Implicit rule search has not been done.
#  Last modified 2022-05-24 20:00:55.196220169
#  File has been updated.
#  Successfully updated.
#  recipe to execute (from 'Makefile', line 27):
	$(CC) $(CFLAGS) -c $(SRC)

ft_strtrim.o: ft_strncmp.c ft_memcmp.c ft_isalnum.c ft_isascii.c ft_strnstr.c ft_strjoin.c ft_strdup.c ft_memcpy.c ft_strtrim.c ft_calloc.c ft_isprint.c ft_strlen.c ft_isalpha.c ft_strlcat.c ft_memset.c ft_bzero.c ft_split.c ft_substr.c ft_strlcpy.c ft_memchr.c ft_isdigit.c ft_strchr.c ft_memmove.c ft_toupper.c ft_strrchr.c ft_atoi.c ft_tolower.c
#  Implicit rule search has not been done.
#  Last modified 2022-05-24 20:00:55.412228499
#  File has been updated.
#  Successfully updated.
#  recipe to execute (from 'Makefile', line 27):
	$(CC) $(CFLAGS) -c $(SRC)

clean: ft_strncmp.o ft_memcmp.o ft_isalnum.o ft_isascii.o ft_strnstr.o ft_strjoin.o ft_strdup.o ft_memcpy.o ft_strtrim.o ft_calloc.o ft_isprint.o ft_strlen.o ft_isalpha.o ft_strlcat.o ft_memset.o ft_bzero.o ft_split.o ft_substr.o ft_strlcpy.o ft_memchr.o ft_isdigit.o ft_strchr.o ft_memmove.o ft_toupper.o ft_strrchr.o ft_atoi.o ft_tolower.o
#  Phony target (prerequisite of .PHONY).
#  Implicit rule search has not been done.
#  File does not exist.
#  File has not been updated.
#  recipe to execute (from 'Makefile', line 30):
	rm -rf $(OBJS)

# Not a target:
ft_strlcpy.c:
#  Implicit rule search has been done.
#  Last modified 2022-05-03 15:46:31.718023298
#  File has been updated.
#  Successfully updated.

# files hash-table stats:
# Load=63/1024=6%, Rehash=0, Collisions=16/188=9%
# VPATH Search Paths

# No 'vpath' search paths.

# No general ('VPATH' variable) search path.

# strcache buffers: 1 (0) / strings = 73 / storage = 828 B / avg = 11 B
# current buf: size = 8162 B / used = 828 B / count = 73 / avg = 11 B

# strcache performance: lookups = 225 / hit rate = 67%
# hash-table stats:
# Load=73/8192=1%, Rehash=0, Collisions=5/225=2%
# Finished Make data base on Tue May 24 20:08:08 2022

 
